13:49:42.905 DEBUG Controller.MainController : <User name> LOGGED IN
13:58:54.176 DEBUG Controller.MainController : <User name> LOGGED IN
13:59:00.464 DEBUG Controller.MainController : READING<Pears On>
13:59:29.520 DEBUG Controller.MainController : UPDATING<Pears O>
13:59:53.714 DEBUG Controller.MainController : CREATING<test test>
13:59:57.998 DEBUG Controller.MainController : DELETING<test test>
14:00:00.074 DEBUG Controller.MainController : READING<Pears O>
14:03:34.008 DEBUG Controller.MainController : <User name> LOGGED IN
14:05:32.552 DEBUG Controller.MainController : <User name> LOGGED IN
14:06:19.376 DEBUG Controller.MainController : <>LOGGED IN
14:06:44.712 DEBUG Controller.MainController : <>LOGGED IN
14:08:06.384 DEBUG Controller.MainController : <>LOGGED IN
14:08:18.256 DEBUG Controller.MainController : <ter>LOGGED IN
14:22:42.727 DEBUG Controller.MainController : <>LOGGED IN
14:22:49.025 DEBUG Controller.MainController : READING<Pears On>
14:22:55.507 DEBUG Controller.MainController : UPDATING<Pears On>
08:47:59.350 DEBUG Controller.MainController : <>LOGGED IN
08:48:00.454 DEBUG Controller.MainController : READING<Pears On>
08:48:02.573 DEBUG Controller.MainController : READING<Barbe Wire>
08:48:04.411 DEBUG Controller.MainController : READING<Pears On>
10:36:28.803 DEBUG Controller.MainController : <>LOGGED IN
10:36:34.682 DEBUG Controller.MainController : READING<Joe Mama>
10:36:41.893 DEBUG Controller.MainController : UPDATING<Barbe Wire>
10:36:44.216 DEBUG Controller.MainController : READING<Pears On>
10:36:46.420 DEBUG Controller.MainController : UPDATING<Joe Mama>
10:36:47.563 DEBUG Controller.MainController : READING<Pears On>
10:36:54.285 DEBUG Controller.MainController : UPDATING< O>
10:36:55.437 DEBUG Controller.MainController : READING< O>
10:37:57.371 DEBUG Controller.MainController : <>LOGGED IN
10:37:59.214 DEBUG Controller.MainController : READING<Pears On>
10:38:07.206 DEBUG Controller.MainController : UPDATING<P On>
10:38:08.937 DEBUG Controller.MainController : READING<P On>
10:38:30.627 DEBUG Controller.MainController : <>LOGGED IN
10:38:34.243 DEBUG Controller.MainController : READING<Pears On>
10:38:42.501 DEBUG Controller.MainController : UPDATING<Pears o>
10:38:53.445 DEBUG Controller.MainController : CREATING<t t>
10:38:54.995 DEBUG Controller.MainController : READING<t t>
10:38:58.979 DEBUG Controller.MainController : READING<Pears o>
10:39:01.963 DEBUG Controller.MainController : READING<Pears o>
10:39:06.296 DEBUG Controller.MainController : READING<Pears o>
10:39:09.992 DEBUG Controller.MainController : READING<Pears o>
10:39:18.209 DEBUG Controller.MainController : READING<Pears o>
10:41:44.846 DEBUG Controller.MainController : READING<Barbe Wire>
10:41:47.616 DEBUG Controller.MainController : READING<Pears o>
10:41:50.407 DEBUG Controller.MainController : READING<t t>
10:42:02.643 DEBUG Controller.MainController : <>LOGGED IN
10:42:04.998 DEBUG Controller.MainController : READING<Pears On>
10:42:08.507 DEBUG Controller.MainController : UPDATING<Pears O>
10:42:11.091 DEBUG Controller.MainController : READING<Pears O>
10:42:13.329 DEBUG Controller.MainController : READING<Barbe Wire>
10:42:15.456 DEBUG Controller.MainController : READING<Joe Mama>
10:42:25.501 DEBUG Controller.MainController : CREATING<t t>
10:42:27.250 DEBUG Controller.MainController : READING<Pears O>
10:42:30.313 DEBUG Controller.MainController : READING<t t>
10:44:58.200 DEBUG Controller.MainController : READING<t t>
10:45:00.507 DEBUG Controller.MainController : READING<Pears O>
10:51:32.011 DEBUG Controller.MainController : <>LOGGED IN
10:51:35.101 DEBUG Controller.MainController : READING<Pears On>
10:51:37.883 DEBUG Controller.MainController : UPDATING<Pears O>
10:51:39.822 DEBUG Controller.MainController : READING<Pears O>
10:51:42.869 DEBUG Controller.MainController : READING<Barbe Wire>
10:51:45.076 DEBUG Controller.MainController : READING<Pears O>
10:51:58.004 DEBUG Controller.MainController : CREATING<t t>
10:52:00.219 DEBUG Controller.MainController : READING<Pears O>
10:52:02.489 DEBUG Controller.MainController : READING<t t>
10:52:04.856 DEBUG Controller.MainController : READING<Barbe Wire>
10:52:06.730 DEBUG Controller.MainController : READING<Pears O>
10:52:08.984 DEBUG Controller.MainController : READING<Barbe Wire>
10:52:11.641 DEBUG Controller.MainController : READING<t t>
09:50:06.727 DEBUG Controller.MainController : <>LOGGED IN
